2019-01-22 13:28:18:INFO:checkSign_(148) ------------ new starting -------------------------------------
2019-01-22 13:28:18:DEBU:checkSign_(156) F:\Image\HKFMI\흥국화재_출금동의서 샘플2.dat
2019-01-22 13:28:18:DEBU:checkSign_(156) F:\Image\HKFMI\sample.png
2019-01-22 13:28:18:DEBU:checkSign_(164) sample.png is file......
2019-01-22 13:28:19:INFO:correct_sk( 74) angle: -85.87240600585938
2019-01-22 13:28:19:INFO:correct_sk( 95) Angle needs to be adjusted..
2019-01-22 13:28:19:INFO:correct_sk(107) height:2339, weight:1656
2019-01-22 13:28:20:INFO:correct_sk(131) [INFO] angle: -4.12759
2019-01-22 13:28:22:DEBU:PngImagePl(139) STREAM b'IHDR' 16 13
2019-01-22 13:28:22:DEBU:PngImagePl(139) STREAM b'IDAT' 41 8192
2019-01-22 13:28:23:INFO:checkSign_( 76) OCR Design No: ALAS : 941234567890
2019-01-22 13:28:23:INFO:checkSign_( 80) Design NO: 941234567890
2019-01-22 13:28:24:DEBU:PngImagePl(139) STREAM b'IHDR' 16 13
2019-01-22 13:28:24:DEBU:PngImagePl(139) STREAM b'IDAT' 41 8192
2019-01-22 13:28:25:INFO:checkSign_( 89) OCR Cust ID: a124 ID: 20001234567
2019-01-22 13:28:25:INFO:checkSign_( 93) Cust ID: 20001234567
2019-01-22 13:28:25:INFO:checkSign_(167) Design No:941234567890, Cust ID:20001234567
2019-01-22 13:28:25:DEBU:getcontour( 72) How many contours: 624
2019-01-22 13:28:25:INFO:getcontour( 81) Each Rect contour found.. size:2.0, x:558, y:229, w:3, h:3
2019-01-22 13:28:25:INFO:getcontour( 81) Each Rect contour found.. size:0.0, x:324, y:213, w:3, h:2
2019-01-22 13:28:25:INFO:getcontour( 81) Each Rect contour found.. size:0.0, x:116, y:213, w:2, h:3
2019-01-22 13:28:25:INFO:getcontour( 81) Each Rect contour found.. size:0.0, x:350, y:209, w:3, h:2
2019-01-22 13:28:25:INFO:getcontour( 81) Each Rect contour found.. size:0.0, x:322, y:205, w:2, h:3
2019-01-22 13:28:25:INFO:getcontour( 81) Each Rect contour found.. size:0.0, x:437, y:201, w:4, h:3
2019-01-22 13:28:25:INFO:getcontour( 81) Each Rect contour found.. size:2.0, x:481, y:215, w:3, h:3
2019-01-22 13:28:25:INFO:getcontour( 81) Each Rect contour found.. size:2.0, x:478, y:212, w:3, h:3
2019-01-22 13:28:25:INFO:getcontour( 81) Each Rect contour found.. size:2.0, x:539, y:200, w:3, h:3
2019-01-22 13:28:25:INFO:getcontour( 81) Each Rect contour found.. size:2.0, x:540, y:199, w:3, h:3
2019-01-22 13:28:25:INFO:getcontour( 81) Each Rect contour found.. size:2.0, x:541, y:198, w:3, h:3
2019-01-22 13:28:25:INFO:getcontour( 81) Each Rect contour found.. size:0.0, x:332, y:195, w:2, h:3
2019-01-22 13:28:25:INFO:getcontour( 81) Each Rect contour found.. size:2.0, x:669, y:195, w:3, h:3
2019-01-22 13:28:25:INFO:getcontour( 81) Each Rect contour found.. size:0.0, x:451, y:190, w:3, h:2
2019-01-22 13:28:25:INFO:getcontour( 81) Each Rect contour found.. size:2.0, x:329, y:206, w:3, h:3
2019-01-22 13:28:25:INFO:getcontour( 81) Each Rect contour found.. size:2.0, x:363, y:195, w:3, h:3
2019-01-22 13:28:25:INFO:getcontour( 81) Each Rect contour found.. size:2.0, x:184, y:218, w:3, h:3
2019-01-22 13:28:25:INFO:getcontour( 81) Each Rect contour found.. size:2.0, x:461, y:225, w:3, h:3
2019-01-22 13:28:25:INFO:getcontour( 81) Each Rect contour found.. size:2.0, x:69, y:211, w:3, h:3
2019-01-22 13:28:25:INFO:getcontour( 81) Each Rect contour found.. size:2.0, x:59, y:184, w:3, h:3
2019-01-22 13:28:25:INFO:getcontour( 81) Each Rect contour found.. size:2.0, x:602, y:180, w:3, h:3
2019-01-22 13:28:25:INFO:getcontour( 81) Each Rect contour found.. size:2.0, x:707, y:195, w:3, h:3
2019-01-22 13:28:25:INFO:getcontour( 81) Each Rect contour found.. size:2.0, x:103, y:172, w:3, h:3
2019-01-22 13:28:25:INFO:getcontour( 81) Each Rect contour found.. size:1.5, x:882, y:142, w:3, h:2
2019-01-22 13:28:25:INFO:getcontour( 81) Each Rect contour found.. size:2.0, x:692, y:114, w:3, h:3
2019-01-22 13:28:25:INFO:getcontour( 81) Each Rect contour found.. size:2.0, x:326, y:114, w:3, h:3
2019-01-22 13:28:25:INFO:getcontour( 81) Each Rect contour found.. size:2.0, x:315, y:114, w:3, h:3
2019-01-22 13:28:25:INFO:getcontour( 81) Each Rect contour found.. size:2.0, x:135, y:113, w:3, h:3
2019-01-22 13:28:25:INFO:getcontour( 81) Each Rect contour found.. size:2.0, x:142, y:106, w:3, h:3
2019-01-22 13:28:25:INFO:getcontour( 81) Each Rect contour found.. size:2.0, x:111, y:113, w:3, h:3
2019-01-22 13:28:25:INFO:getcontour( 81) Each Rect contour found.. size:2.0, x:112, y:107, w:3, h:3
2019-01-22 13:28:25:INFO:getcontour( 81) Each Rect contour found.. size:2.0, x:221, y:70, w:3, h:3
2019-01-22 13:28:25:INFO:getcontour( 81) Each Rect contour found.. size:2.0, x:222, y:69, w:3, h:3
2019-01-22 13:28:25:INFO:getcontour( 81) Each Rect contour found.. size:2.0, x:179, y:63, w:3, h:3
2019-01-22 13:28:25:INFO:getcontour( 81) Each Rect contour found.. size:156434.5, x:31, y:42, w:736, h:217
2019-01-22 13:28:25:INFO:getcontour( 81) Each Rect contour found.. size:21555.5, x:582, y:135, w:183, h:121
2019-01-22 13:28:25:INFO:getcontour( 81) Each Rect contour found.. size:21592.5, x:399, y:135, w:183, h:121
2019-01-22 13:28:25:INFO:getcontour( 81) Each Rect contour found.. size:21594.5, x:217, y:135, w:183, h:122
2019-01-22 13:28:25:INFO:getcontour( 81) Each Rect contour found.. size:21541.0, x:34, y:135, w:183, h:122
2019-01-22 13:28:25:INFO:getcontour( 81) Each Rect contour found.. size:7747.0, x:582, y:90, w:182, h:45
2019-01-22 13:28:25:INFO:getcontour( 81) Each Rect contour found.. size:7721.0, x:399, y:90, w:183, h:45
2019-01-22 13:28:25:INFO:getcontour( 81) Each Rect contour found.. size:7780.5, x:217, y:90, w:182, h:45
2019-01-22 13:28:25:INFO:getcontour( 81) Each Rect contour found.. size:7789.0, x:34, y:90, w:183, h:45
2019-01-22 13:28:25:INFO:getcontour( 81) Each Rect contour found.. size:15573.5, x:399, y:45, w:365, h:45
2019-01-22 13:28:25:INFO:getcontour( 81) Each Rect contour found.. size:15606.5, x:34, y:45, w:366, h:45
2019-01-22 13:28:25:INFO:getcontour( 81) Each Rect contour found.. size:6.0, x:380, y:0, w:4, h:3
2019-01-22 13:28:25:INFO:getcontour( 81) Each Rect contour found.. size:6.0, x:350, y:0, w:4, h:3
2019-01-22 13:28:25:INFO:getcontour( 81) Each Rect contour found.. size:6.0, x:144, y:0, w:4, h:3
2019-01-22 13:28:26:INFO:checkSign_(116) contours Selected 4
2019-01-22 13:28:26:INFO:checkSign_(134) File:sample.png, result:X, White rate(%): 99.862
2019-01-22 13:28:26:INFO:checkSign_(134) File:sample.png, result:X, White rate(%): 99.907
2019-01-22 13:28:26:INFO:checkSign_(134) File:sample.png, result:X, White rate(%): 99.883
2019-01-22 13:28:26:INFO:checkSign_(134) File:sample.png, result:X, White rate(%): 99.912
2019-01-22 13:32:57:INFO:checkSign_(148) ------------ new starting -------------------------------------
2019-01-22 13:32:57:DEBU:checkSign_(156) F:\Image\HKFMI\흥국화재_출금동의서 샘플2.dat
2019-01-22 13:32:57:DEBU:checkSign_(156) F:\Image\HKFMI\sample.png
2019-01-22 13:32:57:DEBU:checkSign_(164) sample.png is file......
2019-01-22 13:32:58:INFO:correct_sk( 74) angle: -85.87240600585938
2019-01-22 13:32:58:INFO:correct_sk( 95) Angle needs to be adjusted..
2019-01-22 13:32:58:INFO:correct_sk(107) height:2339, weight:1656
2019-01-22 13:32:58:INFO:correct_sk(131) [INFO] angle: -4.12759
2019-01-22 13:33:01:DEBU:PngImagePl(139) STREAM b'IHDR' 16 13
2019-01-22 13:33:01:DEBU:PngImagePl(139) STREAM b'IDAT' 41 8192
2019-01-22 13:33:02:INFO:checkSign_( 76) OCR Design No: ALAS : 941234567890
2019-01-22 13:33:02:INFO:checkSign_( 80) Design NO: 941234567890
2019-01-22 13:33:02:DEBU:PngImagePl(139) STREAM b'IHDR' 16 13
2019-01-22 13:33:02:DEBU:PngImagePl(139) STREAM b'IDAT' 41 8192
2019-01-22 13:33:03:INFO:checkSign_( 89) OCR Cust ID: a124 ID: 20001234567
2019-01-22 13:33:03:INFO:checkSign_( 93) Cust ID: 20001234567
2019-01-22 13:33:03:INFO:checkSign_(167) Design No:941234567890, Cust ID:20001234567
2019-01-22 13:33:04:DEBU:getcontour( 72) How many contours: 624
2019-01-22 13:33:04:INFO:getcontour( 81) Each Rect contour found.. size:2.0, x:558, y:229, w:3, h:3
2019-01-22 13:33:04:INFO:getcontour( 81) Each Rect contour found.. size:0.0, x:324, y:213, w:3, h:2
2019-01-22 13:33:04:INFO:getcontour( 81) Each Rect contour found.. size:0.0, x:116, y:213, w:2, h:3
2019-01-22 13:33:04:INFO:getcontour( 81) Each Rect contour found.. size:0.0, x:350, y:209, w:3, h:2
2019-01-22 13:33:04:INFO:getcontour( 81) Each Rect contour found.. size:0.0, x:322, y:205, w:2, h:3
2019-01-22 13:33:04:INFO:getcontour( 81) Each Rect contour found.. size:0.0, x:437, y:201, w:4, h:3
2019-01-22 13:33:04:INFO:getcontour( 81) Each Rect contour found.. size:2.0, x:481, y:215, w:3, h:3
2019-01-22 13:33:04:INFO:getcontour( 81) Each Rect contour found.. size:2.0, x:478, y:212, w:3, h:3
2019-01-22 13:33:04:INFO:getcontour( 81) Each Rect contour found.. size:2.0, x:539, y:200, w:3, h:3
2019-01-22 13:33:04:INFO:getcontour( 81) Each Rect contour found.. size:2.0, x:540, y:199, w:3, h:3
2019-01-22 13:33:04:INFO:getcontour( 81) Each Rect contour found.. size:2.0, x:541, y:198, w:3, h:3
2019-01-22 13:33:04:INFO:getcontour( 81) Each Rect contour found.. size:0.0, x:332, y:195, w:2, h:3
2019-01-22 13:33:04:INFO:getcontour( 81) Each Rect contour found.. size:2.0, x:669, y:195, w:3, h:3
2019-01-22 13:33:04:INFO:getcontour( 81) Each Rect contour found.. size:0.0, x:451, y:190, w:3, h:2
2019-01-22 13:33:04:INFO:getcontour( 81) Each Rect contour found.. size:2.0, x:329, y:206, w:3, h:3
2019-01-22 13:33:04:INFO:getcontour( 81) Each Rect contour found.. size:2.0, x:363, y:195, w:3, h:3
2019-01-22 13:33:04:INFO:getcontour( 81) Each Rect contour found.. size:2.0, x:184, y:218, w:3, h:3
2019-01-22 13:33:04:INFO:getcontour( 81) Each Rect contour found.. size:2.0, x:461, y:225, w:3, h:3
2019-01-22 13:33:04:INFO:getcontour( 81) Each Rect contour found.. size:2.0, x:69, y:211, w:3, h:3
2019-01-22 13:33:04:INFO:getcontour( 81) Each Rect contour found.. size:2.0, x:59, y:184, w:3, h:3
2019-01-22 13:33:04:INFO:getcontour( 81) Each Rect contour found.. size:2.0, x:602, y:180, w:3, h:3
2019-01-22 13:33:04:INFO:getcontour( 81) Each Rect contour found.. size:2.0, x:707, y:195, w:3, h:3
2019-01-22 13:33:04:INFO:getcontour( 81) Each Rect contour found.. size:2.0, x:103, y:172, w:3, h:3
2019-01-22 13:33:04:INFO:getcontour( 81) Each Rect contour found.. size:1.5, x:882, y:142, w:3, h:2
2019-01-22 13:33:04:INFO:getcontour( 81) Each Rect contour found.. size:2.0, x:692, y:114, w:3, h:3
2019-01-22 13:33:04:INFO:getcontour( 81) Each Rect contour found.. size:2.0, x:326, y:114, w:3, h:3
2019-01-22 13:33:04:INFO:getcontour( 81) Each Rect contour found.. size:2.0, x:315, y:114, w:3, h:3
2019-01-22 13:33:04:INFO:getcontour( 81) Each Rect contour found.. size:2.0, x:135, y:113, w:3, h:3
2019-01-22 13:33:04:INFO:getcontour( 81) Each Rect contour found.. size:2.0, x:142, y:106, w:3, h:3
2019-01-22 13:33:04:INFO:getcontour( 81) Each Rect contour found.. size:2.0, x:111, y:113, w:3, h:3
2019-01-22 13:33:04:INFO:getcontour( 81) Each Rect contour found.. size:2.0, x:112, y:107, w:3, h:3
2019-01-22 13:33:04:INFO:getcontour( 81) Each Rect contour found.. size:2.0, x:221, y:70, w:3, h:3
2019-01-22 13:33:04:INFO:getcontour( 81) Each Rect contour found.. size:2.0, x:222, y:69, w:3, h:3
2019-01-22 13:33:04:INFO:getcontour( 81) Each Rect contour found.. size:2.0, x:179, y:63, w:3, h:3
2019-01-22 13:33:04:INFO:getcontour( 81) Each Rect contour found.. size:156434.5, x:31, y:42, w:736, h:217
2019-01-22 13:33:04:INFO:getcontour( 81) Each Rect contour found.. size:21555.5, x:582, y:135, w:183, h:121
2019-01-22 13:33:04:INFO:getcontour( 81) Each Rect contour found.. size:21592.5, x:399, y:135, w:183, h:121
2019-01-22 13:33:04:INFO:getcontour( 81) Each Rect contour found.. size:21594.5, x:217, y:135, w:183, h:122
2019-01-22 13:33:04:INFO:getcontour( 81) Each Rect contour found.. size:21541.0, x:34, y:135, w:183, h:122
2019-01-22 13:33:04:INFO:getcontour( 81) Each Rect contour found.. size:7747.0, x:582, y:90, w:182, h:45
2019-01-22 13:33:04:INFO:getcontour( 81) Each Rect contour found.. size:7721.0, x:399, y:90, w:183, h:45
2019-01-22 13:33:04:INFO:getcontour( 81) Each Rect contour found.. size:7780.5, x:217, y:90, w:182, h:45
2019-01-22 13:33:04:INFO:getcontour( 81) Each Rect contour found.. size:7789.0, x:34, y:90, w:183, h:45
2019-01-22 13:33:04:INFO:getcontour( 81) Each Rect contour found.. size:15573.5, x:399, y:45, w:365, h:45
2019-01-22 13:33:04:INFO:getcontour( 81) Each Rect contour found.. size:15606.5, x:34, y:45, w:366, h:45
2019-01-22 13:33:04:INFO:getcontour( 81) Each Rect contour found.. size:6.0, x:380, y:0, w:4, h:3
2019-01-22 13:33:04:INFO:getcontour( 81) Each Rect contour found.. size:6.0, x:350, y:0, w:4, h:3
2019-01-22 13:33:04:INFO:getcontour( 81) Each Rect contour found.. size:6.0, x:144, y:0, w:4, h:3
2019-01-22 13:33:05:INFO:checkSign_(116) contours Selected 4
2019-01-22 13:33:05:INFO:checkSign_(134) File:sample.png, result:X, White rate(%): 99.862
2019-01-22 13:33:05:INFO:checkSign_(134) File:sample.png, result:X, White rate(%): 99.907
2019-01-22 13:33:05:INFO:checkSign_(134) File:sample.png, result:X, White rate(%): 99.883
2019-01-22 13:33:05:INFO:checkSign_(134) File:sample.png, result:X, White rate(%): 99.912
2019-01-22 13:34:35:INFO:checkSign_(148) ------------ new starting -------------------------------------
2019-01-22 13:34:35:DEBU:checkSign_(156) F:\Image\HKFMI\흥국화재_출금동의서 샘플2.dat
2019-01-22 13:34:35:DEBU:checkSign_(156) F:\Image\HKFMI\sample.png
2019-01-22 13:34:35:DEBU:checkSign_(164) sample.png is file......
2019-01-22 13:34:35:INFO:correct_sk( 74) angle: -85.87240600585938
2019-01-22 13:34:35:INFO:correct_sk( 95) Angle needs to be adjusted..
2019-01-22 13:34:35:INFO:correct_sk(107) height:2339, weight:1656
2019-01-22 13:34:36:INFO:correct_sk(131) [INFO] angle: -4.12759
2019-01-22 13:34:38:DEBU:PngImagePl(139) STREAM b'IHDR' 16 13
2019-01-22 13:34:38:DEBU:PngImagePl(139) STREAM b'IDAT' 41 8192
2019-01-22 13:34:39:INFO:checkSign_( 76) OCR Design No: ALAS : 941234567890
2019-01-22 13:34:39:INFO:checkSign_( 80) Design NO: 941234567890
2019-01-22 13:34:40:DEBU:PngImagePl(139) STREAM b'IHDR' 16 13
2019-01-22 13:34:40:DEBU:PngImagePl(139) STREAM b'IDAT' 41 8192
2019-01-22 13:34:41:INFO:checkSign_( 89) OCR Cust ID: a124 ID: 20001234567
2019-01-22 13:34:41:INFO:checkSign_( 93) Cust ID: 20001234567
2019-01-22 13:34:41:INFO:checkSign_(167) Design No:941234567890, Cust ID:20001234567
2019-01-22 13:34:42:DEBU:getcontour( 72) How many contours: 624
2019-01-22 13:34:42:INFO:getcontour( 81) Each Rect contour found.. size:2.0, x:558, y:229, w:3, h:3
2019-01-22 13:34:42:INFO:getcontour( 81) Each Rect contour found.. size:0.0, x:324, y:213, w:3, h:2
2019-01-22 13:34:42:INFO:getcontour( 81) Each Rect contour found.. size:0.0, x:116, y:213, w:2, h:3
2019-01-22 13:34:42:INFO:getcontour( 81) Each Rect contour found.. size:0.0, x:350, y:209, w:3, h:2
2019-01-22 13:34:42:INFO:getcontour( 81) Each Rect contour found.. size:0.0, x:322, y:205, w:2, h:3
2019-01-22 13:34:42:INFO:getcontour( 81) Each Rect contour found.. size:0.0, x:437, y:201, w:4, h:3
2019-01-22 13:34:42:INFO:getcontour( 81) Each Rect contour found.. size:2.0, x:481, y:215, w:3, h:3
2019-01-22 13:34:42:INFO:getcontour( 81) Each Rect contour found.. size:2.0, x:478, y:212, w:3, h:3
2019-01-22 13:34:42:INFO:getcontour( 81) Each Rect contour found.. size:2.0, x:539, y:200, w:3, h:3
2019-01-22 13:34:42:INFO:getcontour( 81) Each Rect contour found.. size:2.0, x:540, y:199, w:3, h:3
2019-01-22 13:34:42:INFO:getcontour( 81) Each Rect contour found.. size:2.0, x:541, y:198, w:3, h:3
2019-01-22 13:34:42:INFO:getcontour( 81) Each Rect contour found.. size:0.0, x:332, y:195, w:2, h:3
2019-01-22 13:34:42:INFO:getcontour( 81) Each Rect contour found.. size:2.0, x:669, y:195, w:3, h:3
2019-01-22 13:34:42:INFO:getcontour( 81) Each Rect contour found.. size:0.0, x:451, y:190, w:3, h:2
2019-01-22 13:34:42:INFO:getcontour( 81) Each Rect contour found.. size:2.0, x:329, y:206, w:3, h:3
2019-01-22 13:34:42:INFO:getcontour( 81) Each Rect contour found.. size:2.0, x:363, y:195, w:3, h:3
2019-01-22 13:34:42:INFO:getcontour( 81) Each Rect contour found.. size:2.0, x:184, y:218, w:3, h:3
2019-01-22 13:34:42:INFO:getcontour( 81) Each Rect contour found.. size:2.0, x:461, y:225, w:3, h:3
2019-01-22 13:34:42:INFO:getcontour( 81) Each Rect contour found.. size:2.0, x:69, y:211, w:3, h:3
2019-01-22 13:34:42:INFO:getcontour( 81) Each Rect contour found.. size:2.0, x:59, y:184, w:3, h:3
2019-01-22 13:34:42:INFO:getcontour( 81) Each Rect contour found.. size:2.0, x:602, y:180, w:3, h:3
2019-01-22 13:34:42:INFO:getcontour( 81) Each Rect contour found.. size:2.0, x:707, y:195, w:3, h:3
2019-01-22 13:34:42:INFO:getcontour( 81) Each Rect contour found.. size:2.0, x:103, y:172, w:3, h:3
2019-01-22 13:34:42:INFO:getcontour( 81) Each Rect contour found.. size:1.5, x:882, y:142, w:3, h:2
2019-01-22 13:34:42:INFO:getcontour( 81) Each Rect contour found.. size:2.0, x:692, y:114, w:3, h:3
2019-01-22 13:34:42:INFO:getcontour( 81) Each Rect contour found.. size:2.0, x:326, y:114, w:3, h:3
2019-01-22 13:34:42:INFO:getcontour( 81) Each Rect contour found.. size:2.0, x:315, y:114, w:3, h:3
2019-01-22 13:34:42:INFO:getcontour( 81) Each Rect contour found.. size:2.0, x:135, y:113, w:3, h:3
2019-01-22 13:34:42:INFO:getcontour( 81) Each Rect contour found.. size:2.0, x:142, y:106, w:3, h:3
2019-01-22 13:34:42:INFO:getcontour( 81) Each Rect contour found.. size:2.0, x:111, y:113, w:3, h:3
2019-01-22 13:34:42:INFO:getcontour( 81) Each Rect contour found.. size:2.0, x:112, y:107, w:3, h:3
2019-01-22 13:34:42:INFO:getcontour( 81) Each Rect contour found.. size:2.0, x:221, y:70, w:3, h:3
2019-01-22 13:34:42:INFO:getcontour( 81) Each Rect contour found.. size:2.0, x:222, y:69, w:3, h:3
2019-01-22 13:34:42:INFO:getcontour( 81) Each Rect contour found.. size:2.0, x:179, y:63, w:3, h:3
2019-01-22 13:34:42:INFO:getcontour( 81) Each Rect contour found.. size:156434.5, x:31, y:42, w:736, h:217
2019-01-22 13:34:42:INFO:getcontour( 81) Each Rect contour found.. size:21555.5, x:582, y:135, w:183, h:121
2019-01-22 13:34:42:INFO:getcontour( 81) Each Rect contour found.. size:21592.5, x:399, y:135, w:183, h:121
2019-01-22 13:34:42:INFO:getcontour( 81) Each Rect contour found.. size:21594.5, x:217, y:135, w:183, h:122
2019-01-22 13:34:42:INFO:getcontour( 81) Each Rect contour found.. size:21541.0, x:34, y:135, w:183, h:122
2019-01-22 13:34:42:INFO:getcontour( 81) Each Rect contour found.. size:7747.0, x:582, y:90, w:182, h:45
2019-01-22 13:34:42:INFO:getcontour( 81) Each Rect contour found.. size:7721.0, x:399, y:90, w:183, h:45
2019-01-22 13:34:42:INFO:getcontour( 81) Each Rect contour found.. size:7780.5, x:217, y:90, w:182, h:45
2019-01-22 13:34:42:INFO:getcontour( 81) Each Rect contour found.. size:7789.0, x:34, y:90, w:183, h:45
2019-01-22 13:34:42:INFO:getcontour( 81) Each Rect contour found.. size:15573.5, x:399, y:45, w:365, h:45
2019-01-22 13:34:42:INFO:getcontour( 81) Each Rect contour found.. size:15606.5, x:34, y:45, w:366, h:45
2019-01-22 13:34:42:INFO:getcontour( 81) Each Rect contour found.. size:6.0, x:380, y:0, w:4, h:3
2019-01-22 13:34:42:INFO:getcontour( 81) Each Rect contour found.. size:6.0, x:350, y:0, w:4, h:3
2019-01-22 13:34:42:INFO:getcontour( 81) Each Rect contour found.. size:6.0, x:144, y:0, w:4, h:3
2019-01-22 13:34:43:INFO:checkSign_(116) contours Selected 4
2019-01-22 13:34:43:INFO:checkSign_(134) File:sample.png, result:X, White rate(%): 99.862
2019-01-22 13:34:43:INFO:checkSign_(134) File:sample.png, result:X, White rate(%): 99.907
2019-01-22 13:34:43:INFO:checkSign_(134) File:sample.png, result:X, White rate(%): 99.883
2019-01-22 13:34:43:INFO:checkSign_(134) File:sample.png, result:X, White rate(%): 99.912
2019-01-22 13:34:45:INFO:genResultE( 57) 
2019-01-22 13:34:45:DEBU:checkSign_(156) F:\Image\HKFMI\deskewedImage.dat
2019-01-22 13:34:45:DEBU:checkSign_(156) F:\Image\HKFMI\Scan0023.jpg
2019-01-22 13:34:45:DEBU:checkSign_(164) Scan0023.jpg is file......
2019-01-22 13:34:46:INFO:correct_sk( 74) angle: -0.0
2019-01-22 13:34:46:INFO:correct_sk(107) height:2338, weight:1700
2019-01-22 13:34:46:INFO:correct_sk(131) [INFO] angle: -0.00000
2019-01-22 13:34:49:DEBU:PngImagePl(139) STREAM b'IHDR' 16 13
2019-01-22 13:34:49:DEBU:PngImagePl(139) STREAM b'IDAT' 41 2658
2019-01-22 13:34:50:INFO:checkSign_( 76) OCR Design No: 
2019-01-22 13:50:04:INFO:checkSign_(148) ------------ new starting -------------------------------------
2019-01-22 13:50:04:DEBU:checkSign_(156) F:\Image\HKFMI\흥국화재_출금동의서 샘플2.dat
2019-01-22 13:50:04:DEBU:checkSign_(156) F:\Image\HKFMI\sample.png2
2019-01-22 13:50:04:DEBU:checkSign_(156) F:\Image\HKFMI\deskewedImage.dat
2019-01-22 13:50:04:DEBU:checkSign_(156) F:\Image\HKFMI\Scan0023.jpg
2019-01-22 13:50:04:DEBU:checkSign_(164) Scan0023.jpg is file......
2019-01-22 13:52:59:INFO:correct_sk( 74) angle: -0.0
2019-01-22 13:52:59:INFO:correct_sk(107) height:2338, weight:1700
2019-01-22 13:52:59:INFO:correct_sk(131) [INFO] angle: -0.00000
2019-01-22 13:53:12:DEBU:PngImagePl(139) STREAM b'IHDR' 16 13
2019-01-22 13:53:12:DEBU:PngImagePl(139) STREAM b'IDAT' 41 2658
2019-01-22 13:53:12:INFO:checkSign_( 76) OCR Design No: 
2019-01-22 13:54:25:INFO:checkSign_(149) ------------ new starting -------------------------------------
2019-01-22 13:54:25:DEBU:checkSign_(157) F:\Image\HKFMI\흥국화재_출금동의서 샘플2.dat
2019-01-22 13:54:25:DEBU:checkSign_(157) F:\Image\HKFMI\sample.png2
2019-01-22 13:54:25:DEBU:checkSign_(157) F:\Image\HKFMI\deskewedImage.dat
2019-01-22 13:54:25:DEBU:checkSign_(157) F:\Image\HKFMI\Scan0023.jpg
2019-01-22 13:54:25:DEBU:checkSign_(165) Scan0023.jpg is file......
2019-01-22 13:54:29:INFO:correct_sk( 74) angle: -0.0
2019-01-22 13:54:29:INFO:correct_sk(107) height:2338, weight:1700
2019-01-22 13:54:29:INFO:correct_sk(131) [INFO] angle: -0.00000
2019-01-22 15:34:55:DEBU:PngImagePl(139) STREAM b'IHDR' 16 13
2019-01-22 15:34:55:DEBU:PngImagePl(139) STREAM b'IDAT' 41 8192
2019-01-22 15:34:55:INFO:checkSign_( 77) OCR Design No: a
2019-01-22 16:26:36:INFO:checkSign_(149) ------------ new starting -------------------------------------
2019-01-22 16:26:36:DEBU:checkSign_(157) F:\Image\HKFMI\흥국화재_출금동의서 샘플2.dat
2019-01-22 16:26:36:DEBU:checkSign_(157) F:\Image\HKFMI\sample.png
2019-01-22 16:26:36:DEBU:checkSign_(165) sample.png is file......
2019-01-22 16:26:38:INFO:correct_sk( 74) angle: -85.8150863647461
2019-01-22 16:26:38:INFO:correct_sk( 95) Angle needs to be adjusted..
2019-01-22 16:26:38:INFO:correct_sk(107) height:2339, weight:1656
2019-01-22 16:26:38:INFO:correct_sk(131) [INFO] angle: -4.18491
2019-01-22 16:26:42:DEBU:PngImagePl(139) STREAM b'IHDR' 16 13
2019-01-22 16:26:42:DEBU:PngImagePl(139) STREAM b'IDAT' 41 8192
2019-01-22 16:26:46:INFO:checkSign_( 77) OCR Design No: Riles: GAdeSieEoean ||
MAIS : 941234567890

en)
2019-01-22 16:34:01:INFO:checkSign_(149) ------------ new starting -------------------------------------
2019-01-22 16:34:01:DEBU:checkSign_(157) F:\Image\HKFMI\흥국화재_출금동의서 샘플2.dat
2019-01-22 16:34:01:DEBU:checkSign_(157) F:\Image\HKFMI\sample.png
2019-01-22 16:34:01:DEBU:checkSign_(165) sample.png is file......
2019-01-22 16:34:03:INFO:correct_sk( 74) angle: -85.8150863647461
2019-01-22 16:34:03:INFO:correct_sk( 95) Angle needs to be adjusted..
2019-01-22 16:34:03:INFO:correct_sk(107) height:2339, weight:1656
2019-01-22 16:34:03:INFO:correct_sk(131) [INFO] angle: -4.18491
2019-01-22 16:34:07:DEBU:PngImagePl(139) STREAM b'IHDR' 16 13
2019-01-22 16:34:07:DEBU:PngImagePl(139) STREAM b'IDAT' 41 8192
2019-01-22 16:34:08:INFO:checkSign_( 77) OCR Design No: T24 ID: 20001234567
2019-01-22 16:36:23:INFO:checkSign_(149) ------------ new starting -------------------------------------
2019-01-22 16:36:23:DEBU:checkSign_(157) F:\Image\HKFMI\흥국화재_출금동의서 샘플2.dat
2019-01-22 16:36:23:DEBU:checkSign_(157) F:\Image\HKFMI\sample.png
2019-01-22 16:36:23:DEBU:checkSign_(165) sample.png is file......
2019-01-22 16:36:24:INFO:correct_sk( 74) angle: -85.8150863647461
2019-01-22 16:36:24:INFO:correct_sk( 95) Angle needs to be adjusted..
2019-01-22 16:36:24:INFO:correct_sk(107) height:2339, weight:1656
2019-01-22 16:36:24:INFO:correct_sk(131) [INFO] angle: -4.18491
2019-01-22 16:36:27:DEBU:PngImagePl(139) STREAM b'IHDR' 16 13
2019-01-22 16:36:27:DEBU:PngImagePl(139) STREAM b'IDAT' 41 8192
2019-01-22 16:36:28:INFO:checkSign_( 77) OCR Design No: T24 ID: 20001234567
2019-01-22 16:37:50:INFO:checkSign_(149) ------------ new starting -------------------------------------
2019-01-22 16:37:50:DEBU:checkSign_(157) F:\Image\HKFMI\흥국화재_출금동의서 샘플2.dat
2019-01-22 16:37:50:DEBU:checkSign_(157) F:\Image\HKFMI\sample.png
2019-01-22 16:37:50:DEBU:checkSign_(165) sample.png is file......
2019-01-22 16:37:50:INFO:correct_sk( 74) angle: -85.8150863647461
2019-01-22 16:37:50:INFO:correct_sk( 95) Angle needs to be adjusted..
2019-01-22 16:37:50:INFO:correct_sk(107) height:2339, weight:1656
2019-01-22 16:37:50:INFO:correct_sk(131) [INFO] angle: -4.18491
2019-01-22 16:37:53:DEBU:PngImagePl(139) STREAM b'IHDR' 16 13
2019-01-22 16:37:53:DEBU:PngImagePl(139) STREAM b'IDAT' 41 8192
2019-01-22 16:37:54:INFO:checkSign_( 77) OCR Design No: T24 ID: 20001234567
2019-01-22 16:39:06:INFO:checkSign_(149) ------------ new starting -------------------------------------
2019-01-22 16:39:06:DEBU:checkSign_(157) F:\Image\HKFMI\흥국화재_출금동의서 샘플2.dat
2019-01-22 16:39:06:DEBU:checkSign_(157) F:\Image\HKFMI\sample.png
2019-01-22 16:39:06:DEBU:checkSign_(165) sample.png is file......
2019-01-22 16:39:07:INFO:correct_sk( 74) angle: -85.8150863647461
2019-01-22 16:39:07:INFO:correct_sk( 95) Angle needs to be adjusted..
2019-01-22 16:39:07:INFO:correct_sk(107) height:2339, weight:1656
2019-01-22 16:39:07:INFO:correct_sk(131) [INFO] angle: -4.18491
2019-01-22 16:39:17:DEBU:PngImagePl(139) STREAM b'IHDR' 16 13
2019-01-22 16:39:17:DEBU:PngImagePl(139) STREAM b'IDAT' 41 8192
2019-01-22 16:39:18:INFO:checkSign_( 77) OCR Design No: T24 ID: 20001234567
2019-01-23 00:49:01:INFO:checkSign_(155) ------------ new starting -------------------------------------
2019-01-23 00:49:01:DEBU:checkSign_(163) F:\Image\HKFMI\흥국화재_출금동의서 샘플2.dat
2019-01-23 00:49:01:DEBU:checkSign_(163) F:\Image\HKFMI\sample.png
2019-01-23 00:49:01:DEBU:checkSign_(171) sample.png is file......
2019-01-23 00:49:03:INFO:correct_sk( 74) angle: -85.8150863647461
2019-01-23 00:49:03:INFO:correct_sk( 95) Angle needs to be adjusted..
2019-01-23 00:49:03:INFO:correct_sk(107) height:2339, weight:1656
2019-01-23 00:49:03:INFO:correct_sk(131) [INFO] angle: -4.18491
2019-01-23 00:49:06:DEBU:PngImagePl(139) STREAM b'IHDR' 16 13
2019-01-23 00:49:06:DEBU:PngImagePl(139) STREAM b'IDAT' 41 8192
2019-01-23 00:49:07:INFO:checkSign_( 78) OCR Design No: [T24 ID: 20001234567]
2019-01-23 00:49:07:ERRO:checkSign_( 85) exception while getting DesignNo 
Traceback (most recent call last):
  File "F:/ws_py_windwos/hkfmi/venv/apps/checkSign_Folder.py", line 81, in getTextFromSubimage
    desNo = matchobj.group(0)
AttributeError: 'NoneType' object has no attribute 'group'
2019-01-23 00:49:07:INFO:checkSign_(174) Design No:T24 ID: 20001234567, Cust ID:None
2019-01-23 00:49:08:DEBU:getcontour( 72) How many contours: 600
2019-01-23 00:50:01:INFO:checkSign_(155) ------------ new starting -------------------------------------
2019-01-23 00:50:01:DEBU:checkSign_(163) F:\Image\HKFMI\흥국화재_출금동의서 샘플2.dat
2019-01-23 00:50:01:DEBU:checkSign_(163) F:\Image\HKFMI\sample.png
2019-01-23 00:50:01:DEBU:checkSign_(171) sample.png is file......
2019-01-23 00:50:02:INFO:correct_sk( 74) angle: -85.8150863647461
2019-01-23 00:50:02:INFO:correct_sk( 95) Angle needs to be adjusted..
2019-01-23 00:50:02:INFO:correct_sk(107) height:2339, weight:1656
2019-01-23 00:50:02:INFO:correct_sk(131) [INFO] angle: -4.18491
2019-01-23 00:50:05:DEBU:PngImagePl(139) STREAM b'IHDR' 16 13
2019-01-23 00:50:05:DEBU:PngImagePl(139) STREAM b'IDAT' 41 8192
2019-01-23 00:50:06:INFO:checkSign_( 78) OCR Design No: [T24 ID: 20001234567]
2019-01-23 00:50:06:ERRO:checkSign_( 85) exception while getting DesignNo 
Traceback (most recent call last):
  File "F:/ws_py_windwos/hkfmi/venv/apps/checkSign_Folder.py", line 81, in getTextFromSubimage
    desNo = matchobj.group(0)
AttributeError: 'NoneType' object has no attribute 'group'
2019-01-23 00:50:06:INFO:checkSign_(174) Design No:T24 ID: 20001234567, Cust ID:None
2019-01-23 00:50:07:DEBU:getcontour( 72) How many contours: 600
2019-01-23 00:50:51:INFO:checkSign_(155) ------------ new starting -------------------------------------
2019-01-23 00:50:51:DEBU:checkSign_(163) F:\Image\HKFMI\흥국화재_출금동의서 샘플2.dat
2019-01-23 00:50:51:DEBU:checkSign_(163) F:\Image\HKFMI\sample.png
2019-01-23 00:50:51:DEBU:checkSign_(171) sample.png is file......
2019-01-23 00:50:52:INFO:correct_sk( 74) angle: -85.8150863647461
2019-01-23 00:50:52:INFO:correct_sk( 95) Angle needs to be adjusted..
2019-01-23 00:50:52:INFO:correct_sk(107) height:2339, weight:1656
2019-01-23 00:50:52:INFO:correct_sk(131) [INFO] angle: -4.18491
2019-01-23 00:50:55:DEBU:PngImagePl(139) STREAM b'IHDR' 16 13
2019-01-23 00:50:55:DEBU:PngImagePl(139) STREAM b'IDAT' 41 8192
2019-01-23 00:50:56:INFO:checkSign_( 78) OCR Design No: [T24 ID: 20001234567]
2019-01-23 00:50:56:ERRO:checkSign_( 85) exception while getting DesignNo 
Traceback (most recent call last):
  File "F:/ws_py_windwos/hkfmi/venv/apps/checkSign_Folder.py", line 81, in getTextFromSubimage
    desNo = matchobj.group(0)
AttributeError: 'NoneType' object has no attribute 'group'
2019-01-23 00:50:56:INFO:checkSign_(174) Design No:T24 ID: 20001234567, Cust ID:None
2019-01-23 00:50:57:DEBU:getcontour( 72) How many contours: 600
2019-01-23 00:50:57:INFO:getcontour( 81) Each Rect contour found.. size:0.0, x:101, y:219, w:2, h:3
2019-01-23 00:50:57:INFO:getcontour( 81) Each Rect contour found.. size:2.0, x:95, y:215, w:3, h:3
2019-01-23 00:50:57:INFO:getcontour( 81) Each Rect contour found.. size:2.0, x:538, y:200, w:3, h:3
2019-01-23 00:50:57:INFO:getcontour( 81) Each Rect contour found.. size:2.0, x:539, y:199, w:3, h:3
2019-01-23 00:50:57:INFO:getcontour( 81) Each Rect contour found.. size:2.0, x:540, y:198, w:3, h:3
2019-01-23 00:50:57:INFO:getcontour( 81) Each Rect contour found.. size:0.0, x:331, y:195, w:2, h:3
2019-01-23 00:50:57:INFO:getcontour( 81) Each Rect contour found.. size:2.0, x:666, y:197, w:3, h:3
2019-01-23 00:50:57:INFO:getcontour( 81) Each Rect contour found.. size:0.0, x:452, y:191, w:2, h:3
2019-01-23 00:50:57:INFO:getcontour( 81) Each Rect contour found.. size:2.0, x:338, y:196, w:3, h:3
2019-01-23 00:50:57:INFO:getcontour( 81) Each Rect contour found.. size:2.0, x:162, y:207, w:3, h:3
2019-01-23 00:50:57:INFO:getcontour( 81) Each Rect contour found.. size:2.0, x:177, y:195, w:3, h:3
2019-01-23 00:50:57:INFO:getcontour( 81) Each Rect contour found.. size:2.0, x:68, y:211, w:3, h:3
2019-01-23 00:50:57:INFO:getcontour( 81) Each Rect contour found.. size:2.0, x:601, y:180, w:3, h:3
2019-01-23 00:50:57:INFO:getcontour( 81) Each Rect contour found.. size:2.0, x:284, y:223, w:3, h:3
2019-01-23 00:50:57:INFO:getcontour( 81) Each Rect contour found.. size:2.0, x:706, y:195, w:3, h:3
2019-01-23 00:50:57:INFO:getcontour( 81) Each Rect contour found.. size:2.0, x:710, y:193, w:3, h:3
2019-01-23 00:50:57:INFO:getcontour( 81) Each Rect contour found.. size:2.0, x:708, y:193, w:3, h:3
2019-01-23 00:50:57:INFO:getcontour( 81) Each Rect contour found.. size:2.0, x:647, y:207, w:3, h:3
2019-01-23 00:50:57:INFO:getcontour( 81) Each Rect contour found.. size:2.0, x:882, y:142, w:3, h:2
2019-01-23 00:50:57:INFO:getcontour( 81) Each Rect contour found.. size:2.0, x:691, y:114, w:3, h:3
2019-01-23 00:50:57:INFO:getcontour( 81) Each Rect contour found.. size:2.0, x:689, y:107, w:3, h:3
2019-01-23 00:50:57:INFO:getcontour( 81) Each Rect contour found.. size:2.0, x:686, y:106, w:3, h:3
2019-01-23 00:50:57:INFO:getcontour( 81) Each Rect contour found.. size:2.0, x:112, y:107, w:3, h:3
2019-01-23 00:50:57:INFO:getcontour( 81) Each Rect contour found.. size:0.0, x:757, y:63, w:2, h:3
2019-01-23 00:50:57:INFO:getcontour( 81) Each Rect contour found.. size:2.0, x:561, y:70, w:3, h:3
2019-01-23 00:50:57:INFO:getcontour( 81) Each Rect contour found.. size:2.0, x:556, y:66, w:3, h:3
2019-01-23 00:50:57:INFO:getcontour( 81) Each Rect contour found.. size:2.0, x:561, y:59, w:3, h:3
2019-01-23 00:50:57:INFO:getcontour( 81) Each Rect contour found.. size:2.0, x:257, y:59, w:3, h:3
2019-01-23 00:50:57:INFO:getcontour( 81) Each Rect contour found.. size:156484.0, x:31, y:42, w:735, h:217
2019-01-23 00:50:57:INFO:getcontour( 81) Each Rect contour found.. size:21541.5, x:581, y:135, w:183, h:121
2019-01-23 00:50:57:INFO:getcontour( 81) Each Rect contour found.. size:21609.0, x:399, y:135, w:183, h:121
2019-01-23 00:50:57:INFO:getcontour( 81) Each Rect contour found.. size:21627.5, x:216, y:135, w:183, h:122
2019-01-23 00:50:57:INFO:getcontour( 81) Each Rect contour found.. size:21602.5, x:33, y:135, w:183, h:121
2019-01-23 00:50:57:INFO:getcontour( 81) Each Rect contour found.. size:2.0, x:216, y:129, w:3, h:3
2019-01-23 00:50:57:INFO:getcontour( 81) Each Rect contour found.. size:7736.0, x:581, y:90, w:183, h:45
2019-01-23 00:50:57:INFO:getcontour( 81) Each Rect contour found.. size:7730.0, x:399, y:90, w:182, h:45
2019-01-23 00:50:57:INFO:getcontour( 81) Each Rect contour found.. size:7755.5, x:216, y:90, w:183, h:45
2019-01-23 00:50:57:INFO:getcontour( 81) Each Rect contour found.. size:7771.0, x:34, y:89, w:182, h:46
2019-01-23 00:50:57:INFO:getcontour( 81) Each Rect contour found.. size:15568.5, x:399, y:45, w:365, h:45
2019-01-23 00:50:57:INFO:getcontour( 81) Each Rect contour found.. size:15585.5, x:33, y:44, w:366, h:46
2019-01-23 00:50:57:INFO:getcontour( 81) Each Rect contour found.. size:0.0, x:100, y:4, w:3, h:2
2019-01-23 00:50:57:INFO:getcontour( 81) Each Rect contour found.. size:10.0, x:198, y:0, w:8, h:3
2019-01-23 00:51:00:INFO:checkSign_(124) contours Selected 4
2019-01-23 00:51:00:INFO:checkSign_(142) File:sample.png, result:X, White rate(%): 99.858
2019-01-23 00:51:00:INFO:checkSign_(142) File:sample.png, result:X, White rate(%): 99.931
2019-01-23 00:51:00:INFO:checkSign_(142) File:sample.png, result:X, White rate(%): 99.898
2019-01-23 00:51:00:INFO:checkSign_(142) File:sample.png, result:X, White rate(%): 99.902
2019-01-23 00:51:03:INFO:genResultE( 57) 
2019-01-23 00:51:03:DEBU:checkSign_(163) F:\Image\HKFMI\deskewedImage.dat
2019-01-23 00:51:03:DEBU:checkSign_(163) F:\Image\HKFMI\Scan0023.jpg
2019-01-23 00:51:03:DEBU:checkSign_(171) Scan0023.jpg is file......
2019-01-23 00:51:03:INFO:correct_sk( 74) angle: -87.47673034667969
2019-01-23 00:51:03:INFO:correct_sk( 95) Angle needs to be adjusted..
2019-01-23 00:51:03:INFO:correct_sk(107) height:2338, weight:1700
2019-01-23 00:51:03:INFO:correct_sk(131) [INFO] angle: -2.52327
2019-01-23 00:51:06:DEBU:PngImagePl(139) STREAM b'IHDR' 16 13
2019-01-23 00:51:06:DEBU:PngImagePl(139) STREAM b'IDAT' 41 8192
2019-01-23 00:51:10:INFO:checkSign_( 78) OCR Design No: [eS a
Sales - 949876543215

4b ifs = @Annan =e]
2019-01-23 00:51:10:ERRO:checkSign_( 85) exception while getting DesignNo 
Traceback (most recent call last):
  File "F:/ws_py_windwos/hkfmi/venv/apps/checkSign_Folder.py", line 81, in getTextFromSubimage
    desNo = matchobj.group(0)
AttributeError: 'NoneType' object has no attribute 'group'
2019-01-23 00:51:10:INFO:checkSign_(174) Design No:eS a
Sales - 949876543215

4b ifs = @Annan =e, Cust ID:None
2019-01-23 00:51:10:DEBU:getcontour( 72) How many contours: 1667
2019-01-23 00:51:10:INFO:getcontour( 81) Each Rect contour found.. size:0.0, x:237, y:367, w:2, h:4
2019-01-23 00:51:10:INFO:getcontour( 81) Each Rect contour found.. size:2.5, x:164, y:343, w:2, h:4
2019-01-23 00:51:10:INFO:getcontour( 81) Each Rect contour found.. size:1.0, x:508, y:313, w:2, h:2
2019-01-23 00:51:10:INFO:getcontour( 81) Each Rect contour found.. size:1.0, x:445, y:310, w:2, h:2
2019-01-23 00:51:10:INFO:getcontour( 81) Each Rect contour found.. size:1.0, x:541, y:307, w:3, h:2
2019-01-23 00:51:10:INFO:getcontour( 81) Each Rect contour found.. size:0.0, x:560, y:305, w:3, h:2
2019-01-23 00:51:10:INFO:getcontour( 81) Each Rect contour found.. size:0.0, x:290, y:304, w:3, h:2
2019-01-23 00:51:10:INFO:getcontour( 81) Each Rect contour found.. size:0.5, x:147, y:302, w:3, h:2
2019-01-23 00:51:10:INFO:getcontour( 81) Each Rect contour found.. size:1.0, x:625, y:274, w:2, h:2
2019-01-23 00:51:10:INFO:getcontour( 81) Each Rect contour found.. size:0.0, x:644, y:265, w:2, h:3
2019-01-23 00:51:10:INFO:getcontour( 81) Each Rect contour found.. size:0.0, x:637, y:265, w:3, h:2
2019-01-23 00:51:10:INFO:getcontour( 81) Each Rect contour found.. size:2.0, x:633, y:261, w:3, h:3
2019-01-23 00:51:10:INFO:getcontour( 81) Each Rect contour found.. size:0.0, x:74, y:249, w:2, h:3
2019-01-23 00:51:10:INFO:getcontour( 81) Each Rect contour found.. size:0.5, x:591, y:245, w:3, h:3
2019-01-23 00:51:10:INFO:getcontour( 81) Each Rect contour found.. size:1.0, x:577, y:244, w:2, h:2
2019-01-23 00:51:10:INFO:getcontour( 81) Each Rect contour found.. size:2.0, x:571, y:260, w:3, h:3
2019-01-23 00:51:10:INFO:getcontour( 81) Each Rect contour found.. size:0.0, x:156, y:239, w:5, h:2
2019-01-23 00:51:10:INFO:getcontour( 81) Each Rect contour found.. size:1.0, x:96, y:238, w:2, h:3
2019-01-23 00:51:10:INFO:getcontour( 81) Each Rect contour found.. size:2.0, x:609, y:267, w:3, h:3
2019-01-23 00:51:10:INFO:getcontour( 81) Each Rect contour found.. size:0.5, x:99, y:233, w:3, h:3
2019-01-23 00:51:10:INFO:getcontour( 81) Each Rect contour found.. size:2.0, x:68, y:246, w:3, h:3
2019-01-23 00:51:10:INFO:getcontour( 81) Each Rect contour found.. size:0.5, x:88, y:231, w:3, h:3
2019-01-23 00:51:10:INFO:getcontour( 81) Each Rect contour found.. size:3.0, x:957, y:230, w:2, h:4
2019-01-23 00:51:10:INFO:getcontour( 81) Each Rect contour found.. size:0.0, x:3, y:229, w:3, h:2
2019-01-23 00:51:10:INFO:getcontour( 81) Each Rect contour found.. size:0.0, x:148, y:227, w:3, h:4
2019-01-23 00:51:10:INFO:getcontour( 81) Each Rect contour found.. size:0.0, x:100, y:227, w:2, h:3
2019-01-23 00:51:10:INFO:getcontour( 81) Each Rect contour found.. size:1.0, x:3, y:218, w:3, h:2
2019-01-23 00:51:10:INFO:getcontour( 81) Each Rect contour found.. size:0.0, x:536, y:194, w:2, h:3
2019-01-23 00:51:10:INFO:getcontour( 81) Each Rect contour found.. size:0.0, x:584, y:188, w:5, h:2
2019-01-23 00:51:10:INFO:getcontour( 81) Each Rect contour found.. size:0.0, x:427, y:169, w:3, h:2
2019-01-23 00:51:10:INFO:getcontour( 81) Each Rect contour found.. size:0.0, x:278, y:169, w:2, h:3
2019-01-23 00:51:10:INFO:getcontour( 81) Each Rect contour found.. size:0.0, x:276, y:163, w:2, h:4
2019-01-23 00:51:10:INFO:getcontour( 81) Each Rect contour found.. size:0.0, x:99, y:162, w:2, h:3
2019-01-23 00:51:10:INFO:getcontour( 81) Each Rect contour found.. size:2.0, x:617, y:173, w:3, h:3
2019-01-23 00:51:10:INFO:getcontour( 81) Each Rect contour found.. size:0.0, x:671, y:155, w:3, h:2
2019-01-23 00:51:10:INFO:getcontour( 81) Each Rect contour found.. size:2.0, x:436, y:163, w:3, h:3
2019-01-23 00:51:10:INFO:getcontour( 81) Each Rect contour found.. size:2.0, x:471, y:172, w:3, h:3
2019-01-23 00:51:10:INFO:getcontour( 81) Each Rect contour found.. size:0.0, x:456, y:149, w:3, h:2
2019-01-23 00:51:10:INFO:getcontour( 81) Each Rect contour found.. size:0.5, x:279, y:143, w:3, h:3
2019-01-23 00:51:10:INFO:getcontour( 81) Each Rect contour found.. size:0.0, x:536, y:138, w:2, h:3
2019-01-23 00:51:10:INFO:getcontour( 81) Each Rect contour found.. size:0.0, x:252, y:137, w:3, h:2
2019-01-23 00:51:10:INFO:getcontour( 81) Each Rect contour found.. size:0.0, x:575, y:136, w:2, h:4
2019-01-23 00:51:10:INFO:getcontour( 81) Each Rect contour found.. size:2.0, x:111, y:151, w:3, h:3
2019-01-23 00:51:10:INFO:getcontour( 81) Each Rect contour found.. size:1.0, x:214, y:135, w:2, h:2
2019-01-23 00:51:10:INFO:getcontour( 81) Each Rect contour found.. size:0.0, x:113, y:133, w:2, h:3
2019-01-23 00:51:10:INFO:getcontour( 81) Each Rect contour found.. size:0.0, x:97, y:133, w:3, h:2
2019-01-23 00:51:10:INFO:getcontour( 81) Each Rect contour found.. size:0.0, x:139, y:132, w:3, h:2
2019-01-23 00:51:10:INFO:getcontour( 81) Each Rect contour found.. size:0.0, x:368, y:128, w:2, h:3
2019-01-23 00:51:10:INFO:getcontour( 81) Each Rect contour found.. size:0.0, x:178, y:124, w:3, h:2
2019-01-23 00:51:10:INFO:getcontour( 81) Each Rect contour found.. size:2.0, x:584, y:121, w:3, h:3
2019-01-23 00:51:10:INFO:getcontour( 81) Each Rect contour found.. size:1.0, x:213, y:119, w:2, h:2
2019-01-23 00:51:10:INFO:getcontour( 81) Each Rect contour found.. size:0.0, x:548, y:118, w:2, h:3
2019-01-23 00:51:10:INFO:getcontour( 81) Each Rect contour found.. size:2.0, x:163, y:117, w:3, h:3
2019-01-23 00:51:10:INFO:getcontour( 81) Each Rect contour found.. size:2.0, x:164, y:116, w:3, h:3
2019-01-23 00:51:10:INFO:getcontour( 81) Each Rect contour found.. size:0.0, x:250, y:115, w:2, h:3
2019-01-23 00:51:10:INFO:getcontour( 81) Each Rect contour found.. size:0.5, x:272, y:114, w:2, h:3
2019-01-23 00:51:10:INFO:getcontour( 81) Each Rect contour found.. size:2.0, x:569, y:122, w:3, h:3
2019-01-23 00:51:10:INFO:getcontour( 81) Each Rect contour found.. size:0.0, x:534, y:113, w:4, h:3
2019-01-23 00:51:10:INFO:getcontour( 81) Each Rect contour found.. size:2.0, x:527, y:125, w:3, h:3
2019-01-23 00:51:10:INFO:getcontour( 81) Each Rect contour found.. size:2.0, x:522, y:119, w:3, h:3
2019-01-23 00:51:10:INFO:getcontour( 81) Each Rect contour found.. size:2.0, x:522, y:111, w:3, h:3
2019-01-23 00:51:10:INFO:getcontour( 81) Each Rect contour found.. size:2.0, x:165, y:105, w:3, h:4
2019-01-23 00:51:10:INFO:getcontour( 81) Each Rect contour found.. size:0.0, x:699, y:104, w:3, h:2
2019-01-23 00:51:10:INFO:getcontour( 81) Each Rect contour found.. size:2.0, x:242, y:113, w:3, h:3
2019-01-23 00:51:10:INFO:getcontour( 81) Each Rect contour found.. size:0.0, x:209, y:100, w:2, h:3
2019-01-23 00:51:10:INFO:getcontour( 81) Each Rect contour found.. size:0.0, x:175, y:99, w:4, h:3
2019-01-23 00:51:10:INFO:getcontour( 81) Each Rect contour found.. size:2.0, x:221, y:110, w:3, h:3
2019-01-23 00:51:10:INFO:getcontour( 81) Each Rect contour found.. size:0.0, x:200, y:97, w:2, h:3
2019-01-23 00:51:10:INFO:getcontour( 81) Each Rect contour found.. size:2.0, x:185, y:101, w:3, h:3
2019-01-23 00:51:10:INFO:getcontour( 81) Each Rect contour found.. size:2.0, x:180, y:99, w:3, h:3
2019-01-23 00:51:10:INFO:getcontour( 81) Each Rect contour found.. size:2.0, x:173, y:111, w:3, h:3
2019-01-23 00:51:10:INFO:getcontour( 81) Each Rect contour found.. size:2.0, x:118, y:115, w:3, h:3
2019-01-23 00:51:10:INFO:getcontour( 81) Each Rect contour found.. size:2.0, x:118, y:112, w:3, h:3
2019-01-23 00:51:10:INFO:getcontour( 81) Each Rect contour found.. size:2.0, x:119, y:101, w:3, h:3
2019-01-23 00:51:10:INFO:getcontour( 81) Each Rect contour found.. size:2.0, x:119, y:97, w:3, h:3
2019-01-23 00:51:10:INFO:getcontour( 81) Each Rect contour found.. size:21243.5, x:539, y:192, w:186, h:127
2019-01-23 00:51:10:INFO:getcontour( 81) Each Rect contour found.. size:21261.5, x:358, y:184, w:185, h:127
2019-01-23 00:51:10:INFO:getcontour( 81) Each Rect contour found.. size:21249.0, x:178, y:176, w:185, h:127
2019-01-23 00:51:10:INFO:getcontour( 81) Each Rect contour found.. size:7727.0, x:545, y:147, w:181, h:52
2019-01-23 00:51:10:INFO:getcontour( 81) Each Rect contour found.. size:7699.0, x:183, y:131, w:182, h:53
2019-01-23 00:51:10:INFO:getcontour( 81) Each Rect contour found.. size:7728.0, x:3, y:123, w:182, h:52
2019-01-23 00:51:10:INFO:getcontour( 81) Each Rect contour found.. size:15523.5, x:366, y:95, w:362, h:59
2019-01-23 00:51:10:INFO:getcontour( 81) Each Rect contour found.. size:15535.5, x:5, y:78, w:362, h:61
2019-01-23 00:51:10:INFO:getcontour( 81) Each Rect contour found.. size:0.0, x:377, y:52, w:2, h:4
2019-01-23 00:51:10:INFO:getcontour( 81) Each Rect contour found.. size:0.0, x:355, y:50, w:2, h:3
2019-01-23 00:51:10:INFO:getcontour( 81) Each Rect contour found.. size:0.0, x:233, y:46, w:3, h:2
2019-01-23 00:51:10:INFO:getcontour( 81) Each Rect contour found.. size:0.0, x:134, y:44, w:3, h:2
2019-01-23 00:51:10:INFO:getcontour( 81) Each Rect contour found.. size:0.5, x:242, y:40, w:3, h:3
2019-01-23 00:51:10:INFO:getcontour( 81) Each Rect contour found.. size:0.0, x:75, y:40, w:3, h:2
2019-01-23 00:51:10:INFO:getcontour( 81) Each Rect contour found.. size:0.0, x:235, y:34, w:2, h:3
2019-01-23 00:51:10:INFO:getcontour( 81) Each Rect contour found.. size:0.0, x:180, y:33, w:3, h:2
2019-01-23 00:51:10:INFO:getcontour( 81) Each Rect contour found.. size:0.0, x:333, y:32, w:2, h:3
2019-01-23 00:51:10:INFO:getcontour( 81) Each Rect contour found.. size:0.0, x:113, y:31, w:2, h:3
2019-01-23 00:51:10:INFO:getcontour( 81) Each Rect contour found.. size:1.0, x:80, y:31, w:3, h:2
2019-01-23 00:51:10:INFO:getcontour( 81) Each Rect contour found.. size:2.0, x:349, y:38, w:3, h:3
2019-01-23 00:51:10:INFO:getcontour( 81) Each Rect contour found.. size:0.0, x:287, y:29, w:2, h:3
2019-01-23 00:51:10:INFO:getcontour( 81) Each Rect contour found.. size:0.0, x:210, y:29, w:3, h:2
2019-01-23 00:51:10:INFO:getcontour( 81) Each Rect contour found.. size:1.0, x:102, y:29, w:2, h:2
2019-01-23 00:51:10:INFO:getcontour( 81) Each Rect contour found.. size:2.0, x:314, y:29, w:3, h:3
2019-01-23 00:51:10:INFO:getcontour( 81) Each Rect contour found.. size:2.0, x:295, y:40, w:3, h:3
2019-01-23 00:51:10:INFO:getcontour( 81) Each Rect contour found.. size:2.0, x:296, y:32, w:3, h:3
2019-01-23 00:51:10:INFO:getcontour( 81) Each Rect contour found.. size:2.0, x:294, y:32, w:3, h:3
2019-01-23 00:51:10:INFO:getcontour( 81) Each Rect contour found.. size:2.0, x:272, y:49, w:3, h:3
2019-01-23 00:51:10:INFO:getcontour( 81) Each Rect contour found.. size:2.0, x:273, y:48, w:3, h:3
2019-01-23 00:51:10:INFO:getcontour( 81) Each Rect contour found.. size:0.0, x:100, y:26, w:2, h:3
2019-01-23 00:51:10:INFO:getcontour( 81) Each Rect contour found.. size:1.0, x:25, y:24, w:3, h:2
2019-01-23 00:51:10:INFO:getcontour( 81) Each Rect contour found.. size:0.0, x:59, y:21, w:3, h:2
2019-01-23 00:51:10:INFO:getcontour( 81) Each Rect contour found.. size:0.0, x:200, y:20, w:2, h:3
2019-01-23 00:51:10:INFO:getcontour( 81) Each Rect contour found.. size:2.0, x:138, y:37, w:3, h:3
2019-01-23 00:51:10:INFO:getcontour( 81) Each Rect contour found.. size:2.0, x:138, y:35, w:3, h:3
2019-01-23 00:51:10:INFO:getcontour( 81) Each Rect contour found.. size:0.5, x:226, y:18, w:3, h:2
2019-01-23 00:51:10:INFO:getcontour( 81) Each Rect contour found.. size:0.5, x:209, y:18, w:4, h:2
2019-01-23 00:51:10:INFO:getcontour( 81) Each Rect contour found.. size:0.0, x:135, y:18, w:3, h:2
2019-01-23 00:51:10:INFO:getcontour( 81) Each Rect contour found.. size:0.0, x:57, y:18, w:2, h:3
2019-01-23 00:51:10:INFO:getcontour( 81) Each Rect contour found.. size:2.0, x:72, y:23, w:3, h:3
2019-01-23 00:51:10:INFO:getcontour( 81) Each Rect contour found.. size:0.5, x:112, y:15, w:4, h:4
2019-01-23 00:51:11:INFO:checkSign_(124) contours Selected 3
2019-01-23 00:51:11:INFO:checkSign_(142) File:Scan0023.jpg, result:X, White rate(%): 100.000
2019-01-23 00:51:12:INFO:checkSign_(142) File:Scan0023.jpg, result:X, White rate(%): 100.000
2019-01-23 00:51:12:INFO:checkSign_(142) File:Scan0023.jpg, result:X, White rate(%): 100.000
2019-01-23 00:51:13:INFO:genResultE( 57) 
2019-01-23 00:51:13:DEBU:checkSign_(163) F:\Image\HKFMI\Scan0021.jpg
2019-01-23 00:51:13:DEBU:checkSign_(171) Scan0021.jpg is file......
2019-01-23 00:51:14:INFO:correct_sk( 74) angle: -89.80310821533203
2019-01-23 00:51:14:INFO:correct_sk( 95) Angle needs to be adjusted..
2019-01-23 00:51:14:INFO:correct_sk(107) height:2338, weight:1700
2019-01-23 00:51:14:INFO:correct_sk(131) [INFO] angle: -0.19689
2019-01-23 00:51:16:DEBU:PngImagePl(139) STREAM b'IHDR' 16 13
2019-01-23 00:51:16:DEBU:PngImagePl(139) STREAM b'IDAT' 41 8192
2019-01-23 00:51:19:INFO:checkSign_( 78) OCR Design No: [ee ee eee
S7|'HS : 985946215728
aE Leann Sees]
2019-01-23 00:51:19:ERRO:checkSign_( 85) exception while getting DesignNo 
Traceback (most recent call last):
  File "F:/ws_py_windwos/hkfmi/venv/apps/checkSign_Folder.py", line 81, in getTextFromSubimage
    desNo = matchobj.group(0)
AttributeError: 'NoneType' object has no attribute 'group'
2019-01-23 00:51:19:INFO:checkSign_(174) Design No:ee ee eee
S7|'HS : 985946215728
aE Leann Sees, Cust ID:None
2019-01-23 00:51:20:DEBU:getcontour( 72) How many contours: 1695
2019-01-23 00:51:20:INFO:getcontour( 81) Each Rect contour found.. size:1.5, x:918, y:387, w:3, h:2
2019-01-23 00:51:20:INFO:getcontour( 81) Each Rect contour found.. size:1.0, x:581, y:378, w:2, h:2
2019-01-23 00:51:20:INFO:getcontour( 81) Each Rect contour found.. size:0.0, x:604, y:337, w:5, h:2
2019-01-23 00:51:20:INFO:getcontour( 81) Each Rect contour found.. size:0.0, x:475, y:336, w:2, h:3
2019-01-23 00:51:20:INFO:getcontour( 81) Each Rect contour found.. size:1.5, x:185, y:325, w:3, h:2
2019-01-23 00:51:20:INFO:getcontour( 81) Each Rect contour found.. size:0.0, x:412, y:324, w:2, h:3
2019-01-23 00:51:20:INFO:getcontour( 81) Each Rect contour found.. size:2.0, x:575, y:297, w:3, h:3
2019-01-23 00:51:20:INFO:getcontour( 81) Each Rect contour found.. size:0.0, x:654, y:290, w:2, h:3
2019-01-23 00:51:20:INFO:getcontour( 81) Each Rect contour found.. size:0.0, x:651, y:288, w:3, h:2
2019-01-23 00:51:20:INFO:getcontour( 81) Each Rect contour found.. size:1.0, x:262, y:288, w:2, h:3
2019-01-23 00:51:20:INFO:getcontour( 81) Each Rect contour found.. size:0.0, x:222, y:288, w:2, h:3
2019-01-23 00:51:20:INFO:getcontour( 81) Each Rect contour found.. size:0.0, x:596, y:287, w:2, h:3
2019-01-23 00:51:20:INFO:getcontour( 81) Each Rect contour found.. size:0.0, x:321, y:287, w:2, h:3
2019-01-23 00:51:20:INFO:getcontour( 81) Each Rect contour found.. size:0.5, x:593, y:284, w:2, h:3
2019-01-23 00:51:20:INFO:getcontour( 81) Each Rect contour found.. size:0.5, x:561, y:281, w:3, h:3
2019-01-23 00:51:20:INFO:getcontour( 81) Each Rect contour found.. size:0.0, x:247, y:281, w:2, h:3
2019-01-23 00:51:20:INFO:getcontour( 81) Each Rect contour found.. size:2.0, x:586, y:298, w:3, h:3
2019-01-23 00:51:20:INFO:getcontour( 81) Each Rect contour found.. size:0.0, x:242, y:278, w:3, h:2
2019-01-23 00:51:20:INFO:getcontour( 81) Each Rect contour found.. size:0.0, x:563, y:277, w:2, h:3
2019-01-23 00:51:20:INFO:getcontour( 81) Each Rect contour found.. size:0.0, x:297, y:276, w:3, h:2
2019-01-23 00:51:20:INFO:getcontour( 81) Each Rect contour found.. size:0.0, x:702, y:275, w:2, h:3
2019-01-23 00:51:20:INFO:getcontour( 81) Each Rect contour found.. size:0.0, x:210, y:273, w:2, h:3
2019-01-23 00:51:20:INFO:getcontour( 81) Each Rect contour found.. size:0.0, x:657, y:267, w:2, h:3
2019-01-23 00:51:20:INFO:getcontour( 81) Each Rect contour found.. size:0.0, x:571, y:267, w:2, h:3
2019-01-23 00:51:20:INFO:getcontour( 81) Each Rect contour found.. size:2.0, x:251, y:269, w:3, h:3
2019-01-23 00:51:20:INFO:getcontour( 81) Each Rect contour found.. size:2.0, x:610, y:278, w:3, h:3
2019-01-23 00:51:20:INFO:getcontour( 81) Each Rect contour found.. size:2.0, x:597, y:277, w:3, h:3
2019-01-23 00:51:20:INFO:getcontour( 81) Each Rect contour found.. size:0.0, x:550, y:265, w:3, h:2
2019-01-23 00:51:20:INFO:getcontour( 81) Each Rect contour found.. size:0.5, x:615, y:260, w:3, h:3
2019-01-23 00:51:20:INFO:getcontour( 81) Each Rect contour found.. size:2.0, x:660, y:292, w:3, h:3
2019-01-23 00:51:20:INFO:getcontour( 81) Each Rect contour found.. size:2.0, x:664, y:282, w:3, h:3
2019-01-23 00:51:20:INFO:getcontour( 81) Each Rect contour found.. size:2.0, x:638, y:267, w:3, h:3
2019-01-23 00:51:20:INFO:getcontour( 81) Each Rect contour found.. size:2.0, x:303, y:267, w:3, h:3
2019-01-23 00:51:20:INFO:getcontour( 81) Each Rect contour found.. size:0.0, x:194, y:254, w:3, h:2
2019-01-23 00:51:20:INFO:getcontour( 81) Each Rect contour found.. size:1.0, x:308, y:253, w:2, h:2
2019-01-23 00:51:20:INFO:getcontour( 81) Each Rect contour found.. size:0.0, x:235, y:248, w:2, h:3
2019-01-23 00:51:20:INFO:getcontour( 81) Each Rect contour found.. size:1.0, x:608, y:206, w:2, h:3
2019-01-23 00:51:20:INFO:getcontour( 81) Each Rect contour found.. size:0.0, x:457, y:201, w:3, h:2
2019-01-23 00:51:20:INFO:getcontour( 81) Each Rect contour found.. size:0.0, x:594, y:200, w:3, h:2
2019-01-23 00:51:20:INFO:getcontour( 81) Each Rect contour found.. size:0.0, x:419, y:200, w:3, h:2
2019-01-23 00:51:20:INFO:getcontour( 81) Each Rect contour found.. size:1.0, x:142, y:196, w:2, h:2
2019-01-23 00:51:20:INFO:getcontour( 81) Each Rect contour found.. size:1.0, x:80, y:193, w:3, h:2
2019-01-23 00:51:20:INFO:getcontour( 81) Each Rect contour found.. size:0.0, x:55, y:193, w:3, h:2
2019-01-23 00:51:20:INFO:getcontour( 81) Each Rect contour found.. size:0.0, x:83, y:191, w:4, h:2
2019-01-23 00:51:20:INFO:getcontour( 81) Each Rect contour found.. size:0.0, x:73, y:190, w:4, h:3
2019-01-23 00:51:20:INFO:getcontour( 81) Each Rect contour found.. size:1.5, x:240, y:187, w:3, h:3
2019-01-23 00:51:20:INFO:getcontour( 81) Each Rect contour found.. size:1.0, x:617, y:184, w:2, h:3
2019-01-23 00:51:20:INFO:getcontour( 81) Each Rect contour found.. size:2.0, x:632, y:201, w:3, h:3
2019-01-23 00:51:20:INFO:getcontour( 81) Each Rect contour found.. size:2.0, x:628, y:194, w:3, h:3
2019-01-23 00:51:20:INFO:getcontour( 81) Each Rect contour found.. size:0.0, x:99, y:180, w:3, h:2
2019-01-23 00:51:20:INFO:getcontour( 81) Each Rect contour found.. size:0.0, x:78, y:180, w:3, h:2
2019-01-23 00:51:20:INFO:getcontour( 81) Each Rect contour found.. size:0.0, x:282, y:179, w:2, h:3
2019-01-23 00:51:20:INFO:getcontour( 81) Each Rect contour found.. size:0.5, x:74, y:179, w:3, h:3
2019-01-23 00:51:20:INFO:getcontour( 81) Each Rect contour found.. size:0.0, x:414, y:176, w:3, h:2
2019-01-23 00:51:20:INFO:getcontour( 81) Each Rect contour found.. size:2.0, x:416, y:188, w:3, h:3
2019-01-23 00:51:20:INFO:getcontour( 81) Each Rect contour found.. size:2.0, x:425, y:182, w:3, h:3
2019-01-23 00:51:20:INFO:getcontour( 81) Each Rect contour found.. size:2.0, x:424, y:181, w:3, h:3
2019-01-23 00:51:20:INFO:getcontour( 81) Each Rect contour found.. size:2.0, x:275, y:184, w:3, h:3
2019-01-23 00:51:20:INFO:getcontour( 81) Each Rect contour found.. size:0.0, x:668, y:168, w:3, h:2
2019-01-23 00:51:20:INFO:getcontour( 81) Each Rect contour found.. size:1.0, x:636, y:167, w:2, h:2
2019-01-23 00:51:20:INFO:getcontour( 81) Each Rect contour found.. size:0.0, x:620, y:166, w:4, h:2
2019-01-23 00:51:20:INFO:getcontour( 81) Each Rect contour found.. size:2.0, x:93, y:178, w:3, h:3
2019-01-23 00:51:20:INFO:getcontour( 81) Each Rect contour found.. size:0.5, x:91, y:162, w:3, h:3
2019-01-23 00:51:20:INFO:getcontour( 81) Each Rect contour found.. size:1.0, x:159, y:160, w:2, h:2
2019-01-23 00:51:20:INFO:getcontour( 81) Each Rect contour found.. size:0.0, x:126, y:160, w:3, h:2
2019-01-23 00:51:20:INFO:getcontour( 81) Each Rect contour found.. size:1.0, x:136, y:159, w:2, h:2
2019-01-23 00:51:20:INFO:getcontour( 81) Each Rect contour found.. size:0.5, x:539, y:158, w:3, h:2
2019-01-23 00:51:20:INFO:getcontour( 81) Each Rect contour found.. size:0.0, x:166, y:151, w:2, h:3
2019-01-23 00:51:20:INFO:getcontour( 81) Each Rect contour found.. size:2.5, x:169, y:146, w:4, h:4
2019-01-23 00:51:20:INFO:getcontour( 81) Each Rect contour found.. size:0.0, x:216, y:141, w:2, h:5
2019-01-23 00:51:20:INFO:getcontour( 81) Each Rect contour found.. size:0.0, x:179, y:139, w:2, h:3
2019-01-23 00:51:20:INFO:getcontour( 81) Each Rect contour found.. size:0.5, x:107, y:137, w:3, h:2
2019-01-23 00:51:20:INFO:getcontour( 81) Each Rect contour found.. size:1.0, x:166, y:136, w:2, h:3
2019-01-23 00:51:20:INFO:getcontour( 81) Each Rect contour found.. size:1.0, x:614, y:130, w:4, h:2
2019-01-23 00:51:20:INFO:getcontour( 81) Each Rect contour found.. size:0.5, x:137, y:129, w:2, h:3
2019-01-23 00:51:20:INFO:getcontour( 81) Each Rect contour found.. size:0.5, x:191, y:128, w:2, h:3
2019-01-23 00:51:20:INFO:getcontour( 81) Each Rect contour found.. size:0.0, x:129, y:118, w:3, h:2
2019-01-23 00:51:20:INFO:getcontour( 81) Each Rect contour found.. size:0.5, x:131, y:113, w:3, h:3
2019-01-23 00:51:20:INFO:getcontour( 81) Each Rect contour found.. size:0.0, x:102, y:112, w:2, h:3
2019-01-23 00:51:20:INFO:getcontour( 81) Each Rect contour found.. size:1.0, x:197, y:108, w:2, h:2
2019-01-23 00:51:20:INFO:getcontour( 81) Each Rect contour found.. size:0.0, x:165, y:106, w:4, h:2
2019-01-23 00:51:20:INFO:getcontour( 81) Each Rect contour found.. size:0.0, x:152, y:106, w:2, h:3
2019-01-23 00:51:20:INFO:getcontour( 81) Each Rect contour found.. size:0.0, x:131, y:106, w:3, h:2
2019-01-23 00:51:20:INFO:getcontour( 81) Each Rect contour found.. size:21146.0, x:524, y:213, w:184, h:125
2019-01-23 00:51:20:INFO:getcontour( 81) Each Rect contour found.. size:21123.5, x:344, y:208, w:183, h:124
2019-01-23 00:51:20:INFO:getcontour( 81) Each Rect contour found.. size:21178.5, x:163, y:202, w:183, h:125
2019-01-23 00:51:20:INFO:getcontour( 81) Each Rect contour found.. size:7746.0, x:528, y:168, w:181, h:50
2019-01-23 00:51:20:INFO:getcontour( 81) Each Rect contour found.. size:7742.0, x:348, y:162, w:180, h:50
2019-01-23 00:51:20:INFO:getcontour( 81) Each Rect contour found.. size:7753.5, x:166, y:157, w:182, h:50
2019-01-23 00:51:20:INFO:getcontour( 81) Each Rect contour found.. size:15574.0, x:349, y:118, w:361, h:55
2019-01-23 00:51:20:INFO:getcontour( 81) Each Rect contour found.. size:0.0, x:148, y:72, w:3, h:2
2019-01-23 00:51:20:INFO:getcontour( 81) Each Rect contour found.. size:1.0, x:314, y:71, w:3, h:2
2019-01-23 00:51:20:INFO:getcontour( 81) Each Rect contour found.. size:0.0, x:95, y:70, w:2, h:3
2019-01-23 00:51:20:INFO:getcontour( 81) Each Rect contour found.. size:0.0, x:361, y:67, w:3, h:2
2019-01-23 00:51:20:INFO:getcontour( 81) Each Rect contour found.. size:0.0, x:169, y:63, w:2, h:3
2019-01-23 00:51:20:INFO:getcontour( 81) Each Rect contour found.. size:0.0, x:83, y:56, w:2, h:3
2019-01-23 00:51:20:INFO:getcontour( 81) Each Rect contour found.. size:1.0, x:260, y:55, w:2, h:3
2019-01-23 00:51:20:INFO:getcontour( 81) Each Rect contour found.. size:0.5, x:193, y:53, w:2, h:3
2019-01-23 00:51:20:INFO:getcontour( 81) Each Rect contour found.. size:0.0, x:335, y:51, w:4, h:2
2019-01-23 00:51:20:INFO:getcontour( 81) Each Rect contour found.. size:2.0, x:326, y:55, w:3, h:3
2019-01-23 00:51:20:INFO:getcontour( 81) Each Rect contour found.. size:2.0, x:306, y:55, w:3, h:3
2019-01-23 00:51:20:INFO:getcontour( 81) Each Rect contour found.. size:0.5, x:270, y:51, w:4, h:4
2019-01-23 00:51:20:INFO:getcontour( 81) Each Rect contour found.. size:2.0, x:282, y:60, w:3, h:3
2019-01-23 00:51:20:INFO:getcontour( 81) Each Rect contour found.. size:2.0, x:286, y:58, w:3, h:3
2019-01-23 00:51:20:INFO:getcontour( 81) Each Rect contour found.. size:2.0, x:214, y:58, w:3, h:3
2019-01-23 00:51:20:INFO:getcontour( 81) Each Rect contour found.. size:1.0, x:103, y:50, w:2, h:3
2019-01-23 00:51:20:INFO:getcontour( 81) Each Rect contour found.. size:2.0, x:185, y:50, w:3, h:3
2019-01-23 00:51:20:INFO:getcontour( 81) Each Rect contour found.. size:2.0, x:152, y:63, w:3, h:3
2019-01-23 00:51:20:INFO:getcontour( 81) Each Rect contour found.. size:2.0, x:113, y:56, w:3, h:3
2019-01-23 00:51:20:INFO:getcontour( 81) Each Rect contour found.. size:1.5, x:81, y:46, w:3, h:3
2019-01-23 00:51:20:INFO:getcontour( 81) Each Rect contour found.. size:0.5, x:107, y:45, w:4, h:2
2019-01-23 00:51:20:INFO:getcontour( 81) Each Rect contour found.. size:0.0, x:152, y:44, w:3, h:2
2019-01-23 00:51:20:INFO:getcontour( 81) Each Rect contour found.. size:0.0, x:17, y:44, w:3, h:4
2019-01-23 00:51:20:INFO:getcontour( 81) Each Rect contour found.. size:0.5, x:209, y:43, w:5, h:2
2019-01-23 00:51:20:INFO:getcontour( 81) Each Rect contour found.. size:0.5, x:120, y:42, w:2, h:4
2019-01-23 00:51:20:INFO:getcontour( 81) Each Rect contour found.. size:2.0, x:62, y:59, w:3, h:3
2019-01-23 00:51:20:INFO:getcontour( 81) Each Rect contour found.. size:2.0, x:57, y:50, w:3, h:3
2019-01-23 00:51:20:INFO:getcontour( 81) Each Rect contour found.. size:2.0, x:38, y:50, w:3, h:3
2019-01-23 00:51:20:INFO:getcontour( 81) Each Rect contour found.. size:0.5, x:21, y:42, w:3, h:3
2019-01-23 00:51:20:INFO:getcontour( 81) Each Rect contour found.. size:1.0, x:14, y:42, w:4, h:5
2019-01-23 00:51:20:INFO:getcontour( 81) Each Rect contour found.. size:1.0, x:36, y:5, w:2, h:2
2019-01-23 00:51:24:INFO:checkSign_(124) contours Selected 3
2019-01-23 00:51:24:INFO:checkSign_(142) File:Scan0021.jpg, result:X, White rate(%): 100.000
2019-01-23 00:51:24:INFO:checkSign_(142) File:Scan0021.jpg, result:X, White rate(%): 100.000
2019-01-23 00:51:24:INFO:checkSign_(142) File:Scan0021.jpg, result:X, White rate(%): 100.000
2019-01-23 00:51:25:INFO:genResultE( 57) 
2019-01-23 00:51:25:DEBU:checkSign_(163) F:\Image\HKFMI\Scan0022.jpg
2019-01-23 00:51:25:DEBU:checkSign_(171) Scan0022.jpg is file......
2019-01-23 00:51:26:INFO:correct_sk( 74) angle: -61.47129440307617
2019-01-23 00:51:26:INFO:correct_sk( 95) Angle needs to be adjusted..
2019-01-23 00:51:26:INFO:correct_sk(107) height:2338, weight:1700
2019-01-23 00:51:26:INFO:correct_sk(131) [INFO] angle: -28.52871
2019-01-23 00:51:29:DEBU:PngImagePl(139) STREAM b'IHDR' 16 13
2019-01-23 00:51:29:DEBU:PngImagePl(139) STREAM b'IDAT' 41 8192
2019-01-23 00:51:29:INFO:checkSign_( 78) OCR Design No: []
2019-01-23 00:51:29:ERRO:checkSign_( 85) exception while getting DesignNo 
Traceback (most recent call last):
  File "F:/ws_py_windwos/hkfmi/venv/apps/checkSign_Folder.py", line 81, in getTextFromSubimage
    desNo = matchobj.group(0)
AttributeError: 'NoneType' object has no attribute 'group'
2019-01-23 00:51:29:INFO:checkSign_(174) Design No:, Cust ID:None
2019-01-23 00:51:30:DEBU:getcontour( 72) How many contours: 963
2019-01-23 00:51:30:INFO:getcontour( 81) Each Rect contour found.. size:0.5, x:256, y:397, w:2, h:3
2019-01-23 00:51:30:INFO:getcontour( 81) Each Rect contour found.. size:1.5, x:101, y:391, w:3, h:2
2019-01-23 00:51:30:INFO:getcontour( 81) Each Rect contour found.. size:1.0, x:515, y:389, w:2, h:2
2019-01-23 00:51:30:INFO:getcontour( 81) Each Rect contour found.. size:0.0, x:72, y:359, w:2, h:3
2019-01-23 00:51:30:INFO:getcontour( 81) Each Rect contour found.. size:0.0, x:184, y:354, w:3, h:2
2019-01-23 00:51:30:INFO:getcontour( 81) Each Rect contour found.. size:0.0, x:170, y:347, w:3, h:2
2019-01-23 00:51:30:INFO:getcontour( 81) Each Rect contour found.. size:0.0, x:153, y:338, w:3, h:2
2019-01-23 00:51:30:INFO:getcontour( 81) Each Rect contour found.. size:0.0, x:153, y:336, w:3, h:2
2019-01-23 00:51:30:INFO:getcontour( 81) Each Rect contour found.. size:0.0, x:138, y:330, w:3, h:2
2019-01-23 00:51:30:INFO:getcontour( 81) Each Rect contour found.. size:1.0, x:391, y:326, w:2, h:2
2019-01-23 00:51:30:INFO:getcontour( 81) Each Rect contour found.. size:2.0, x:129, y:324, w:4, h:2
2019-01-23 00:51:30:INFO:getcontour( 81) Each Rect contour found.. size:1.5, x:125, y:324, w:3, h:2
2019-01-23 00:51:30:INFO:getcontour( 81) Each Rect contour found.. size:0.0, x:202, y:316, w:2, h:4
2019-01-23 00:51:30:INFO:getcontour( 81) Each Rect contour found.. size:1.5, x:116, y:316, w:3, h:3
2019-01-23 00:51:30:INFO:getcontour( 81) Each Rect contour found.. size:0.5, x:156, y:315, w:4, h:2
2019-01-23 00:51:30:INFO:getcontour( 81) Each Rect contour found.. size:0.0, x:89, y:315, w:2, h:4
2019-01-23 00:51:30:INFO:getcontour( 81) Each Rect contour found.. size:1.0, x:172, y:314, w:2, h:2
2019-01-23 00:51:30:INFO:getcontour( 81) Each Rect contour found.. size:0.5, x:153, y:313, w:2, h:3
2019-01-23 00:51:30:INFO:getcontour( 81) Each Rect contour found.. size:1.0, x:111, y:313, w:3, h:2
2019-01-23 00:51:30:INFO:getcontour( 81) Each Rect contour found.. size:1.5, x:20, y:311, w:2, h:3
2019-01-23 00:51:30:INFO:getcontour( 81) Each Rect contour found.. size:1.5, x:191, y:309, w:2, h:3
2019-01-23 00:51:30:INFO:getcontour( 81) Each Rect contour found.. size:0.5, x:73, y:309, w:3, h:2
2019-01-23 00:51:30:INFO:getcontour( 81) Each Rect contour found.. size:0.5, x:74, y:305, w:2, h:3
2019-01-23 00:51:30:INFO:getcontour( 81) Each Rect contour found.. size:2.0, x:629, y:304, w:3, h:2
2019-01-23 00:51:30:INFO:getcontour( 81) Each Rect contour found.. size:0.0, x:179, y:303, w:2, h:3
2019-01-23 00:51:30:INFO:getcontour( 81) Each Rect contour found.. size:2.0, x:226, y:316, w:3, h:3
2019-01-23 00:51:30:INFO:getcontour( 81) Each Rect contour found.. size:2.0, x:82, y:300, w:2, h:3
2019-01-23 00:51:30:INFO:getcontour( 81) Each Rect contour found.. size:0.0, x:63, y:300, w:3, h:2
2019-01-23 00:51:30:INFO:getcontour( 81) Each Rect contour found.. size:1.0, x:46, y:292, w:3, h:2
2019-01-23 00:51:30:INFO:getcontour( 81) Each Rect contour found.. size:0.0, x:140, y:289, w:3, h:2
2019-01-23 00:51:30:INFO:getcontour( 81) Each Rect contour found.. size:2.0, x:185, y:304, w:3, h:3
2019-01-23 00:51:30:INFO:getcontour( 81) Each Rect contour found.. size:0.0, x:140, y:285, w:2, h:3
2019-01-23 00:51:30:INFO:getcontour( 81) Each Rect contour found.. size:1.0, x:33, y:285, w:2, h:2
2019-01-23 00:51:30:INFO:getcontour( 81) Each Rect contour found.. size:1.0, x:22, y:279, w:2, h:2
2019-01-23 00:51:30:INFO:getcontour( 81) Each Rect contour found.. size:0.0, x:7, y:274, w:3, h:2
2019-01-23 00:51:30:INFO:getcontour( 81) Each Rect contour found.. size:2.0, x:166, y:306, w:3, h:3
2019-01-23 00:51:30:INFO:getcontour( 81) Each Rect contour found.. size:2.0, x:183, y:286, w:3, h:3
2019-01-23 00:51:30:INFO:getcontour( 81) Each Rect contour found.. size:1.5, x:170, y:272, w:2, h:3
2019-01-23 00:51:30:INFO:getcontour( 81) Each Rect contour found.. size:0.5, x:66, y:258, w:2, h:4
2019-01-23 00:51:30:INFO:getcontour( 81) Each Rect contour found.. size:0.0, x:322, y:254, w:2, h:3
2019-01-23 00:51:30:INFO:getcontour( 81) Each Rect contour found.. size:0.0, x:120, y:253, w:2, h:3
2019-01-23 00:51:30:INFO:getcontour( 81) Each Rect contour found.. size:0.5, x:58, y:252, w:3, h:2
2019-01-23 00:51:30:INFO:getcontour( 81) Each Rect contour found.. size:2.0, x:248, y:247, w:3, h:3
2019-01-23 00:51:30:INFO:getcontour( 81) Each Rect contour found.. size:1.0, x:38, y:239, w:2, h:3
2019-01-23 00:51:30:INFO:getcontour( 81) Each Rect contour found.. size:0.0, x:56, y:234, w:2, h:4
2019-01-23 00:51:30:INFO:getcontour( 81) Each Rect contour found.. size:0.0, x:294, y:233, w:3, h:2
2019-01-23 00:51:30:INFO:getcontour( 81) Each Rect contour found.. size:0.5, x:53, y:232, w:2, h:4
2019-01-23 00:51:30:INFO:getcontour( 81) Each Rect contour found.. size:0.0, x:140, y:229, w:2, h:3
2019-01-23 00:51:30:INFO:getcontour( 81) Each Rect contour found.. size:2.0, x:71, y:257, w:3, h:3
2019-01-23 00:51:30:INFO:getcontour( 81) Each Rect contour found.. size:2.0, x:65, y:252, w:3, h:3
2019-01-23 00:51:30:INFO:getcontour( 81) Each Rect contour found.. size:2.0, x:67, y:243, w:3, h:3
2019-01-23 00:51:30:INFO:getcontour( 81) Each Rect contour found.. size:2.0, x:77, y:238, w:3, h:3
2019-01-23 00:51:30:INFO:getcontour( 81) Each Rect contour found.. size:2.0, x:73, y:236, w:3, h:3
2019-01-23 00:51:30:INFO:getcontour( 81) Each Rect contour found.. size:0.0, x:58, y:225, w:2, h:3
2019-01-23 00:51:30:INFO:getcontour( 81) Each Rect contour found.. size:1.0, x:25, y:219, w:2, h:3
2019-01-23 00:51:30:INFO:getcontour( 81) Each Rect contour found.. size:1.5, x:261, y:216, w:2, h:3
2019-01-23 00:51:30:INFO:getcontour( 81) Each Rect contour found.. size:2.0, x:249, y:233, w:3, h:3
2019-01-23 00:51:30:INFO:getcontour( 81) Each Rect contour found.. size:2.0, x:40, y:231, w:3, h:3
2019-01-23 00:51:30:INFO:getcontour( 81) Each Rect contour found.. size:2.0, x:10, y:228, w:3, h:3
2019-01-23 00:51:30:INFO:getcontour( 81) Each Rect contour found.. size:2.0, x:10, y:225, w:3, h:3
2019-01-23 00:51:30:INFO:getcontour( 81) Each Rect contour found.. size:2.0, x:12, y:222, w:3, h:3
2019-01-23 00:51:30:INFO:getcontour( 81) Each Rect contour found.. size:2.0, x:13, y:221, w:3, h:3
2019-01-23 00:51:30:INFO:getcontour( 81) Each Rect contour found.. size:2.0, x:39, y:220, w:3, h:3
2019-01-23 00:51:30:INFO:getcontour( 81) Each Rect contour found.. size:2.0, x:35, y:218, w:3, h:3
2019-01-23 00:51:30:INFO:getcontour( 81) Each Rect contour found.. size:0.0, x:56, y:211, w:3, h:2
2019-01-23 00:51:30:INFO:getcontour( 81) Each Rect contour found.. size:0.0, x:154, y:202, w:3, h:2
2019-01-23 00:51:30:INFO:getcontour( 81) Each Rect contour found.. size:0.0, x:24, y:202, w:2, h:3
2019-01-23 00:51:30:INFO:getcontour( 81) Each Rect contour found.. size:0.0, x:200, y:185, w:3, h:2
2019-01-23 00:51:30:INFO:getcontour( 81) Each Rect contour found.. size:0.0, x:120, y:184, w:3, h:2
2019-01-23 00:51:30:INFO:getcontour( 81) Each Rect contour found.. size:0.0, x:189, y:180, w:3, h:2
2019-01-23 00:51:30:INFO:getcontour( 81) Each Rect contour found.. size:1.5, x:166, y:178, w:3, h:3
2019-01-23 00:51:30:INFO:getcontour( 81) Each Rect contour found.. size:0.0, x:78, y:175, w:3, h:2
2019-01-23 00:51:30:INFO:getcontour( 81) Each Rect contour found.. size:0.0, x:72, y:169, w:3, h:2
2019-01-23 00:51:30:INFO:getcontour( 81) Each Rect contour found.. size:0.0, x:92, y:165, w:4, h:2
2019-01-23 00:51:30:INFO:getcontour( 81) Each Rect contour found.. size:0.5, x:31, y:148, w:3, h:3
2019-01-23 00:51:30:INFO:getcontour( 81) Each Rect contour found.. size:0.5, x:235, y:144, w:2, h:3
2019-01-23 00:51:30:INFO:getcontour( 81) Each Rect contour found.. size:2.0, x:193, y:152, w:3, h:3
2019-01-23 00:51:30:INFO:getcontour( 81) Each Rect contour found.. size:2.0, x:207, y:151, w:3, h:3
2019-01-23 00:51:30:INFO:getcontour( 81) Each Rect contour found.. size:0.0, x:22, y:144, w:3, h:2
2019-01-23 00:51:30:INFO:getcontour( 81) Each Rect contour found.. size:2.0, x:88, y:150, w:3, h:3
2019-01-23 00:51:30:INFO:getcontour( 81) Each Rect contour found.. size:2.0, x:95, y:147, w:3, h:3
2019-01-23 00:51:30:INFO:getcontour( 81) Each Rect contour found.. size:0.0, x:53, y:134, w:3, h:2
2019-01-23 00:51:30:INFO:getcontour( 81) Each Rect contour found.. size:0.0, x:207, y:131, w:3, h:2
2019-01-23 00:51:30:INFO:getcontour( 81) Each Rect contour found.. size:0.0, x:62, y:127, w:2, h:3
2019-01-23 00:51:30:INFO:getcontour( 81) Each Rect contour found.. size:2.0, x:157, y:145, w:3, h:3
2019-01-23 00:51:30:INFO:getcontour( 81) Each Rect contour found.. size:2.0, x:158, y:143, w:3, h:3
2019-01-23 00:51:30:INFO:getcontour( 81) Each Rect contour found.. size:2.0, x:159, y:141, w:3, h:3
2019-01-23 00:51:30:INFO:getcontour( 81) Each Rect contour found.. size:2.0, x:160, y:139, w:3, h:3
2019-01-23 00:51:30:INFO:getcontour( 81) Each Rect contour found.. size:2.0, x:161, y:137, w:3, h:3
2019-01-23 00:51:30:INFO:getcontour( 81) Each Rect contour found.. size:2.0, x:158, y:133, w:3, h:3
2019-01-23 00:51:30:INFO:getcontour( 81) Each Rect contour found.. size:2.0, x:159, y:131, w:3, h:3
2019-01-23 00:51:30:INFO:getcontour( 81) Each Rect contour found.. size:2.0, x:150, y:131, w:3, h:3
2019-01-23 00:51:30:INFO:getcontour( 81) Each Rect contour found.. size:2.0, x:155, y:125, w:3, h:3
2019-01-23 00:51:30:INFO:getcontour( 81) Each Rect contour found.. size:0.0, x:149, y:118, w:3, h:2
2019-01-23 00:51:30:INFO:getcontour( 81) Each Rect contour found.. size:0.0, x:176, y:115, w:3, h:2
2019-01-23 00:51:30:INFO:getcontour( 81) Each Rect contour found.. size:1.5, x:173, y:111, w:3, h:3
2019-01-23 00:51:30:INFO:getcontour( 81) Each Rect contour found.. size:0.0, x:133, y:101, w:3, h:2
2019-01-23 00:51:30:INFO:getcontour( 81) Each Rect contour found.. size:0.0, x:150, y:100, w:3, h:2
2019-01-23 00:51:30:INFO:getcontour( 81) Each Rect contour found.. size:1.0, x:449, y:85, w:2, h:2
2019-01-23 00:51:30:INFO:getcontour( 81) Each Rect contour found.. size:0.0, x:88, y:80, w:3, h:2
2019-01-23 00:51:30:INFO:getcontour( 81) Each Rect contour found.. size:0.0, x:54, y:60, w:3, h:2
2019-01-23 00:51:30:INFO:getcontour( 81) Each Rect contour found.. size:1.0, x:18, y:42, w:3, h:2
2019-01-23 00:51:30:INFO:getcontour( 81) Each Rect contour found.. size:21202.0, x:95, y:206, w:214, h:188
2019-01-23 00:51:30:INFO:getcontour( 81) Each Rect contour found.. size:7667.5, x:151, y:167, w:178, h:120
2019-01-23 00:51:30:INFO:getcontour( 81) Each Rect contour found.. size:2.0, x:25, y:89, w:3, h:3
2019-01-23 00:51:30:INFO:getcontour( 81) Each Rect contour found.. size:15375.0, x:10, y:44, w:340, h:204
2019-01-23 00:51:31:INFO:checkSign_(124) contours Selected 1
2019-01-23 00:51:31:INFO:checkSign_(142) File:Scan0022.jpg, result:X, White rate(%): 100.000
2019-01-23 00:51:33:INFO:genResultE( 57) 
2019-01-23 00:51:33:INFO:checkSign_(177) end of directory..
